{"timestamp":"2025-09-24T18:47:14.835055","level":"info","event":"Filling up the DagBag from /opt/airflow/dags/openweather_collector.py","logger":"airflow.models.dagbag.DagBag"}
{"timestamp":"2025-09-24T18:47:46.295375","level":"info","event":"Filling up the DagBag from /opt/airflow/dags/openweather_collector.py","logger":"airflow.models.dagbag.DagBag"}
{"timestamp":"2025-09-24T18:48:17.380472","level":"info","event":"Filling up the DagBag from /opt/airflow/dags/openweather_collector.py","logger":"airflow.models.dagbag.DagBag"}
{"timestamp":"2025-09-24T18:48:48.288569","level":"info","event":"Filling up the DagBag from /opt/airflow/dags/openweather_collector.py","logger":"airflow.models.dagbag.DagBag"}
{"timestamp":"2025-09-24T18:49:19.120827","level":"info","event":"Filling up the DagBag from /opt/airflow/dags/openweather_collector.py","logger":"airflow.models.dagbag.DagBag"}
{"timestamp":"2025-09-24T18:49:49.973297","level":"info","event":"Filling up the DagBag from /opt/airflow/dags/openweather_collector.py","logger":"airflow.models.dagbag.DagBag"}
{"timestamp":"2025-09-24T18:50:20.935210","level":"info","event":"Filling up the DagBag from /opt/airflow/dags/openweather_collector.py","logger":"airflow.models.dagbag.DagBag"}
{"timestamp":"2025-09-24T18:50:51.690063","level":"info","event":"Filling up the DagBag from /opt/airflow/dags/openweather_collector.py","logger":"airflow.models.dagbag.DagBag"}
{"timestamp":"2025-09-24T18:51:22.576966","level":"info","event":"Filling up the DagBag from /opt/airflow/dags/openweather_collector.py","logger":"airflow.models.dagbag.DagBag"}
{"timestamp":"2025-09-24T18:51:53.580148","level":"info","event":"Filling up the DagBag from /opt/airflow/dags/openweather_collector.py","logger":"airflow.models.dagbag.DagBag"}
{"timestamp":"2025-09-24T18:52:24.558340","level":"info","event":"Filling up the DagBag from /opt/airflow/dags/openweather_collector.py","logger":"airflow.models.dagbag.DagBag"}
{"timestamp":"2025-09-24T18:52:55.409999","level":"info","event":"Filling up the DagBag from /opt/airflow/dags/openweather_collector.py","logger":"airflow.models.dagbag.DagBag"}
{"timestamp":"2025-09-24T18:53:26.327260","level":"info","event":"Filling up the DagBag from /opt/airflow/dags/openweather_collector.py","logger":"airflow.models.dagbag.DagBag"}
{"timestamp":"2025-09-24T18:53:57.192942","level":"info","event":"Filling up the DagBag from /opt/airflow/dags/openweather_collector.py","logger":"airflow.models.dagbag.DagBag"}
{"timestamp":"2025-09-24T18:54:27.382123","level":"info","event":"Filling up the DagBag from /opt/airflow/dags/openweather_collector.py","logger":"airflow.models.dagbag.DagBag"}
{"timestamp":"2025-09-24T18:54:58.254512","level":"info","event":"Filling up the DagBag from /opt/airflow/dags/openweather_collector.py","logger":"airflow.models.dagbag.DagBag"}
{"timestamp":"2025-09-24T18:55:29.000865","level":"info","event":"Filling up the DagBag from /opt/airflow/dags/openweather_collector.py","logger":"airflow.models.dagbag.DagBag"}
{"timestamp":"2025-09-24T18:55:58.886141","level":"info","event":"Filling up the DagBag from /opt/airflow/dags/openweather_collector.py","logger":"airflow.models.dagbag.DagBag"}
{"timestamp":"2025-09-24T18:55:59.029371","level":"error","event":"Failed to import: /opt/airflow/dags/openweather_collector.py","logger":"airflow.models.dagbag.DagBag","error_detail":[{"exc_type":"ImportError","exc_value":"libtk8.6.so: cannot open shared object file: No such file or directory","exc_notes":[],"syntax_error":null,"is_cause":false,"frames":[{"filename":"/home/airflow/.local/lib/python3.12/site-packages/airflow/models/dagbag.py","lineno":394,"name":"parse"},{"filename":"<frozen importlib._bootstrap_external>","lineno":999,"name":"exec_module"},{"filename":"<frozen importlib._bootstrap>","lineno":488,"name":"_call_with_frames_removed"},{"filename":"/opt/airflow/dags/openweather_collector.py","lineno":2,"name":"<module>"},{"filename":"/usr/local/lib/python3.12/tkinter/__init__.py","lineno":38,"name":"<module>"}],"is_group":false,"exceptions":[]}]}
{"timestamp":"2025-09-24T18:56:29.942965","level":"info","event":"Filling up the DagBag from /opt/airflow/dags/openweather_collector.py","logger":"airflow.models.dagbag.DagBag"}
{"timestamp":"2025-09-24T18:56:29.995911","level":"error","event":"Failed to import: /opt/airflow/dags/openweather_collector.py","logger":"airflow.models.dagbag.DagBag","error_detail":[{"exc_type":"ImportError","exc_value":"libtk8.6.so: cannot open shared object file: No such file or directory","exc_notes":[],"syntax_error":null,"is_cause":false,"frames":[{"filename":"/home/airflow/.local/lib/python3.12/site-packages/airflow/models/dagbag.py","lineno":394,"name":"parse"},{"filename":"<frozen importlib._bootstrap_external>","lineno":999,"name":"exec_module"},{"filename":"<frozen importlib._bootstrap>","lineno":488,"name":"_call_with_frames_removed"},{"filename":"/opt/airflow/dags/openweather_collector.py","lineno":2,"name":"<module>"},{"filename":"/usr/local/lib/python3.12/tkinter/__init__.py","lineno":38,"name":"<module>"}],"is_group":false,"exceptions":[]}]}
{"timestamp":"2025-09-24T18:56:41.626276","level":"info","event":"Filling up the DagBag from /opt/airflow/dags/openweather_collector.py","logger":"airflow.models.dagbag.DagBag"}
{"timestamp":"2025-09-24T18:56:41.737279","level":"error","event":"Failed to import: /opt/airflow/dags/openweather_collector.py","logger":"airflow.models.dagbag.DagBag","error_detail":[{"exc_type":"ImportError","exc_value":"libtk8.6.so: cannot open shared object file: No such file or directory","exc_notes":[],"syntax_error":null,"is_cause":false,"frames":[{"filename":"/home/airflow/.local/lib/python3.12/site-packages/airflow/models/dagbag.py","lineno":394,"name":"parse"},{"filename":"<frozen importlib._bootstrap_external>","lineno":999,"name":"exec_module"},{"filename":"<frozen importlib._bootstrap>","lineno":488,"name":"_call_with_frames_removed"},{"filename":"/opt/airflow/dags/openweather_collector.py","lineno":2,"name":"<module>"},{"filename":"/usr/local/lib/python3.12/tkinter/__init__.py","lineno":38,"name":"<module>"}],"is_group":false,"exceptions":[]}]}
{"timestamp":"2025-09-24T18:57:12.538437","level":"info","event":"Filling up the DagBag from /opt/airflow/dags/openweather_collector.py","logger":"airflow.models.dagbag.DagBag"}
{"timestamp":"2025-09-24T18:57:12.613462","level":"error","event":"Failed to import: /opt/airflow/dags/openweather_collector.py","logger":"airflow.models.dagbag.DagBag","error_detail":[{"exc_type":"ImportError","exc_value":"libtk8.6.so: cannot open shared object file: No such file or directory","exc_notes":[],"syntax_error":null,"is_cause":false,"frames":[{"filename":"/home/airflow/.local/lib/python3.12/site-packages/airflow/models/dagbag.py","lineno":394,"name":"parse"},{"filename":"<frozen importlib._bootstrap_external>","lineno":999,"name":"exec_module"},{"filename":"<frozen importlib._bootstrap>","lineno":488,"name":"_call_with_frames_removed"},{"filename":"/opt/airflow/dags/openweather_collector.py","lineno":2,"name":"<module>"},{"filename":"/usr/local/lib/python3.12/tkinter/__init__.py","lineno":38,"name":"<module>"}],"is_group":false,"exceptions":[]}]}
{"timestamp":"2025-09-24T18:57:42.782736","level":"info","event":"Filling up the DagBag from /opt/airflow/dags/openweather_collector.py","logger":"airflow.models.dagbag.DagBag"}
{"timestamp":"2025-09-24T18:57:42.852267","level":"error","event":"Failed to import: /opt/airflow/dags/openweather_collector.py","logger":"airflow.models.dagbag.DagBag","error_detail":[{"exc_type":"ImportError","exc_value":"libtk8.6.so: cannot open shared object file: No such file or directory","exc_notes":[],"syntax_error":null,"is_cause":false,"frames":[{"filename":"/home/airflow/.local/lib/python3.12/site-packages/airflow/models/dagbag.py","lineno":394,"name":"parse"},{"filename":"<frozen importlib._bootstrap_external>","lineno":999,"name":"exec_module"},{"filename":"<frozen importlib._bootstrap>","lineno":488,"name":"_call_with_frames_removed"},{"filename":"/opt/airflow/dags/openweather_collector.py","lineno":2,"name":"<module>"},{"filename":"/usr/local/lib/python3.12/tkinter/__init__.py","lineno":38,"name":"<module>"}],"is_group":false,"exceptions":[]}]}
{"timestamp":"2025-09-24T18:58:13.662774","level":"info","event":"Filling up the DagBag from /opt/airflow/dags/openweather_collector.py","logger":"airflow.models.dagbag.DagBag"}
{"timestamp":"2025-09-24T18:58:13.717925","level":"error","event":"Failed to import: /opt/airflow/dags/openweather_collector.py","logger":"airflow.models.dagbag.DagBag","error_detail":[{"exc_type":"ImportError","exc_value":"libtk8.6.so: cannot open shared object file: No such file or directory","exc_notes":[],"syntax_error":null,"is_cause":false,"frames":[{"filename":"/home/airflow/.local/lib/python3.12/site-packages/airflow/models/dagbag.py","lineno":394,"name":"parse"},{"filename":"<frozen importlib._bootstrap_external>","lineno":999,"name":"exec_module"},{"filename":"<frozen importlib._bootstrap>","lineno":488,"name":"_call_with_frames_removed"},{"filename":"/opt/airflow/dags/openweather_collector.py","lineno":2,"name":"<module>"},{"filename":"/usr/local/lib/python3.12/tkinter/__init__.py","lineno":38,"name":"<module>"}],"is_group":false,"exceptions":[]}]}
{"timestamp":"2025-09-24T18:58:32.011278","level":"info","event":"Filling up the DagBag from /opt/airflow/dags/openweather_collector.py","logger":"airflow.models.dagbag.DagBag"}
{"timestamp":"2025-09-24T18:58:32.032878","level":"error","event":"Failed to import: /opt/airflow/dags/openweather_collector.py","logger":"airflow.models.dagbag.DagBag","error_detail":[{"exc_type":"SyntaxError","exc_value":"invalid syntax. Perhaps you forgot a comma? (openweather_collector.py, line 14)","exc_notes":[],"syntax_error":{"offset":12,"filename":"/opt/airflow/dags/openweather_collector.py","line":"    dag_id=\"open_weather\"\n","lineno":14,"msg":"invalid syntax. Perhaps you forgot a comma?"},"is_cause":false,"frames":[{"filename":"/home/airflow/.local/lib/python3.12/site-packages/airflow/models/dagbag.py","lineno":394,"name":"parse"},{"filename":"<frozen importlib._bootstrap_external>","lineno":995,"name":"exec_module"},{"filename":"<frozen importlib._bootstrap_external>","lineno":1133,"name":"get_code"},{"filename":"<frozen importlib._bootstrap_external>","lineno":1063,"name":"source_to_code"},{"filename":"<frozen importlib._bootstrap>","lineno":488,"name":"_call_with_frames_removed"}],"is_group":false,"exceptions":[]}]}
{"timestamp":"2025-09-24T18:58:36.343459","level":"info","event":"Filling up the DagBag from /opt/airflow/dags/openweather_collector.py","logger":"airflow.models.dagbag.DagBag"}
{"timestamp":"2025-09-24T18:58:36.414895","level":"error","event":"Failed to import: /opt/airflow/dags/openweather_collector.py","logger":"airflow.models.dagbag.DagBag","error_detail":[{"exc_type":"ImportError","exc_value":"libtk8.6.so: cannot open shared object file: No such file or directory","exc_notes":[],"syntax_error":null,"is_cause":false,"frames":[{"filename":"/home/airflow/.local/lib/python3.12/site-packages/airflow/models/dagbag.py","lineno":394,"name":"parse"},{"filename":"<frozen importlib._bootstrap_external>","lineno":999,"name":"exec_module"},{"filename":"<frozen importlib._bootstrap>","lineno":488,"name":"_call_with_frames_removed"},{"filename":"/opt/airflow/dags/openweather_collector.py","lineno":2,"name":"<module>"},{"filename":"/usr/local/lib/python3.12/tkinter/__init__.py","lineno":38,"name":"<module>"}],"is_group":false,"exceptions":[]}]}
{"timestamp":"2025-09-24T18:59:07.143591","level":"info","event":"Filling up the DagBag from /opt/airflow/dags/openweather_collector.py","logger":"airflow.models.dagbag.DagBag"}
{"timestamp":"2025-09-24T18:59:07.205595","level":"error","event":"Failed to import: /opt/airflow/dags/openweather_collector.py","logger":"airflow.models.dagbag.DagBag","error_detail":[{"exc_type":"ImportError","exc_value":"libtk8.6.so: cannot open shared object file: No such file or directory","exc_notes":[],"syntax_error":null,"is_cause":false,"frames":[{"filename":"/home/airflow/.local/lib/python3.12/site-packages/airflow/models/dagbag.py","lineno":394,"name":"parse"},{"filename":"<frozen importlib._bootstrap_external>","lineno":999,"name":"exec_module"},{"filename":"<frozen importlib._bootstrap>","lineno":488,"name":"_call_with_frames_removed"},{"filename":"/opt/airflow/dags/openweather_collector.py","lineno":2,"name":"<module>"},{"filename":"/usr/local/lib/python3.12/tkinter/__init__.py","lineno":38,"name":"<module>"}],"is_group":false,"exceptions":[]}]}
{"timestamp":"2025-09-24T18:59:38.036047","level":"info","event":"Filling up the DagBag from /opt/airflow/dags/openweather_collector.py","logger":"airflow.models.dagbag.DagBag"}
{"timestamp":"2025-09-24T18:59:38.105848","level":"error","event":"Failed to import: /opt/airflow/dags/openweather_collector.py","logger":"airflow.models.dagbag.DagBag","error_detail":[{"exc_type":"ImportError","exc_value":"libtk8.6.so: cannot open shared object file: No such file or directory","exc_notes":[],"syntax_error":null,"is_cause":false,"frames":[{"filename":"/home/airflow/.local/lib/python3.12/site-packages/airflow/models/dagbag.py","lineno":394,"name":"parse"},{"filename":"<frozen importlib._bootstrap_external>","lineno":999,"name":"exec_module"},{"filename":"<frozen importlib._bootstrap>","lineno":488,"name":"_call_with_frames_removed"},{"filename":"/opt/airflow/dags/openweather_collector.py","lineno":2,"name":"<module>"},{"filename":"/usr/local/lib/python3.12/tkinter/__init__.py","lineno":38,"name":"<module>"}],"is_group":false,"exceptions":[]}]}
{"timestamp":"2025-09-24T18:59:46.364696","level":"info","event":"Filling up the DagBag from /opt/airflow/dags/openweather_collector.py","logger":"airflow.models.dagbag.DagBag"}
{"timestamp":"2025-09-24T18:59:46.427760","level":"error","event":"Failed to import: /opt/airflow/dags/openweather_collector.py","logger":"airflow.models.dagbag.DagBag","error_detail":[{"exc_type":"ImportError","exc_value":"libtk8.6.so: cannot open shared object file: No such file or directory","exc_notes":[],"syntax_error":null,"is_cause":false,"frames":[{"filename":"/home/airflow/.local/lib/python3.12/site-packages/airflow/models/dagbag.py","lineno":394,"name":"parse"},{"filename":"<frozen importlib._bootstrap_external>","lineno":999,"name":"exec_module"},{"filename":"<frozen importlib._bootstrap>","lineno":488,"name":"_call_with_frames_removed"},{"filename":"/opt/airflow/dags/openweather_collector.py","lineno":2,"name":"<module>"},{"filename":"/usr/local/lib/python3.12/tkinter/__init__.py","lineno":38,"name":"<module>"}],"is_group":false,"exceptions":[]}]}
{"timestamp":"2025-09-24T19:00:17.428581","level":"info","event":"Filling up the DagBag from /opt/airflow/dags/openweather_collector.py","logger":"airflow.models.dagbag.DagBag"}
{"timestamp":"2025-09-24T19:00:17.482290","level":"error","event":"Failed to import: /opt/airflow/dags/openweather_collector.py","logger":"airflow.models.dagbag.DagBag","error_detail":[{"exc_type":"ImportError","exc_value":"libtk8.6.so: cannot open shared object file: No such file or directory","exc_notes":[],"syntax_error":null,"is_cause":false,"frames":[{"filename":"/home/airflow/.local/lib/python3.12/site-packages/airflow/models/dagbag.py","lineno":394,"name":"parse"},{"filename":"<frozen importlib._bootstrap_external>","lineno":999,"name":"exec_module"},{"filename":"<frozen importlib._bootstrap>","lineno":488,"name":"_call_with_frames_removed"},{"filename":"/opt/airflow/dags/openweather_collector.py","lineno":2,"name":"<module>"},{"filename":"/usr/local/lib/python3.12/tkinter/__init__.py","lineno":38,"name":"<module>"}],"is_group":false,"exceptions":[]}]}
{"timestamp":"2025-09-24T19:00:26.784847","level":"info","event":"Filling up the DagBag from /opt/airflow/dags/openweather_collector.py","logger":"airflow.models.dagbag.DagBag"}
{"timestamp":"2025-09-24T19:00:26.875190","level":"error","event":"Failed to import: /opt/airflow/dags/openweather_collector.py","logger":"airflow.models.dagbag.DagBag","error_detail":[{"exc_type":"ImportError","exc_value":"libtk8.6.so: cannot open shared object file: No such file or directory","exc_notes":[],"syntax_error":null,"is_cause":false,"frames":[{"filename":"/home/airflow/.local/lib/python3.12/site-packages/airflow/models/dagbag.py","lineno":394,"name":"parse"},{"filename":"<frozen importlib._bootstrap_external>","lineno":999,"name":"exec_module"},{"filename":"<frozen importlib._bootstrap>","lineno":488,"name":"_call_with_frames_removed"},{"filename":"/opt/airflow/dags/openweather_collector.py","lineno":2,"name":"<module>"},{"filename":"/usr/local/lib/python3.12/tkinter/__init__.py","lineno":38,"name":"<module>"}],"is_group":false,"exceptions":[]}]}
{"timestamp":"2025-09-24T19:00:56.978938","level":"info","event":"Filling up the DagBag from /opt/airflow/dags/openweather_collector.py","logger":"airflow.models.dagbag.DagBag"}
{"timestamp":"2025-09-24T19:00:57.044541","level":"error","event":"Failed to import: /opt/airflow/dags/openweather_collector.py","logger":"airflow.models.dagbag.DagBag","error_detail":[{"exc_type":"ImportError","exc_value":"libtk8.6.so: cannot open shared object file: No such file or directory","exc_notes":[],"syntax_error":null,"is_cause":false,"frames":[{"filename":"/home/airflow/.local/lib/python3.12/site-packages/airflow/models/dagbag.py","lineno":394,"name":"parse"},{"filename":"<frozen importlib._bootstrap_external>","lineno":999,"name":"exec_module"},{"filename":"<frozen importlib._bootstrap>","lineno":488,"name":"_call_with_frames_removed"},{"filename":"/opt/airflow/dags/openweather_collector.py","lineno":2,"name":"<module>"},{"filename":"/usr/local/lib/python3.12/tkinter/__init__.py","lineno":38,"name":"<module>"}],"is_group":false,"exceptions":[]}]}
{"timestamp":"2025-09-24T19:01:27.177642","level":"info","event":"Filling up the DagBag from /opt/airflow/dags/openweather_collector.py","logger":"airflow.models.dagbag.DagBag"}
{"timestamp":"2025-09-24T19:01:27.234333","level":"error","event":"Failed to import: /opt/airflow/dags/openweather_collector.py","logger":"airflow.models.dagbag.DagBag","error_detail":[{"exc_type":"ImportError","exc_value":"libtk8.6.so: cannot open shared object file: No such file or directory","exc_notes":[],"syntax_error":null,"is_cause":false,"frames":[{"filename":"/home/airflow/.local/lib/python3.12/site-packages/airflow/models/dagbag.py","lineno":394,"name":"parse"},{"filename":"<frozen importlib._bootstrap_external>","lineno":999,"name":"exec_module"},{"filename":"<frozen importlib._bootstrap>","lineno":488,"name":"_call_with_frames_removed"},{"filename":"/opt/airflow/dags/openweather_collector.py","lineno":2,"name":"<module>"},{"filename":"/usr/local/lib/python3.12/tkinter/__init__.py","lineno":38,"name":"<module>"}],"is_group":false,"exceptions":[]}]}
{"timestamp":"2025-09-24T19:01:40.026909","level":"info","event":"Filling up the DagBag from /opt/airflow/dags/openweather_collector.py","logger":"airflow.models.dagbag.DagBag"}
{"timestamp":"2025-09-24T19:01:40.176681","level":"error","event":"Failed to import: /opt/airflow/dags/openweather_collector.py","logger":"airflow.models.dagbag.DagBag","error_detail":[{"exc_type":"TypeError","exc_value":"missing a required argument: 'weather_data'","exc_notes":[],"syntax_error":null,"is_cause":false,"frames":[{"filename":"/home/airflow/.local/lib/python3.12/site-packages/airflow/models/dagbag.py","lineno":394,"name":"parse"},{"filename":"<frozen importlib._bootstrap_external>","lineno":999,"name":"exec_module"},{"filename":"<frozen importlib._bootstrap>","lineno":488,"name":"_call_with_frames_removed"},{"filename":"/opt/airflow/dags/openweather_collector.py","lineno":44,"name":"<module>"},{"filename":"/home/airflow/.local/lib/python3.12/site-packages/airflow/sdk/definitions/dag.py","lineno":1421,"name":"factory"},{"filename":"/opt/airflow/dags/openweather_collector.py","lineno":40,"name":"open_weather"},{"filename":"/home/airflow/.local/lib/python3.12/site-packages/airflow/sdk/bases/decorator.py","lineno":363,"name":"__call__"},{"filename":"/home/airflow/.local/lib/python3.12/site-packages/airflow/sdk/bases/operator.py","lineno":502,"name":"apply_defaults"},{"filename":"/home/airflow/.local/lib/python3.12/site-packages/airflow/providers/standard/decorators/python.py","lineno":58,"name":"__init__"},{"filename":"/home/airflow/.local/lib/python3.12/site-packages/airflow/sdk/bases/operator.py","lineno":502,"name":"apply_defaults"},{"filename":"/home/airflow/.local/lib/python3.12/site-packages/airflow/sdk/bases/decorator.py","lineno":239,"name":"__init__"},{"filename":"/usr/local/lib/python3.12/inspect.py","lineno":3280,"name":"bind"},{"filename":"/usr/local/lib/python3.12/inspect.py","lineno":3193,"name":"_bind"}],"is_group":false,"exceptions":[]}]}
{"timestamp":"2025-09-24T19:02:10.268911","level":"info","event":"Filling up the DagBag from /opt/airflow/dags/openweather_collector.py","logger":"airflow.models.dagbag.DagBag"}
{"timestamp":"2025-09-24T19:02:10.347048","level":"error","event":"Failed to import: /opt/airflow/dags/openweather_collector.py","logger":"airflow.models.dagbag.DagBag","error_detail":[{"exc_type":"TypeError","exc_value":"missing a required argument: 'weather_data'","exc_notes":[],"syntax_error":null,"is_cause":false,"frames":[{"filename":"/home/airflow/.local/lib/python3.12/site-packages/airflow/models/dagbag.py","lineno":394,"name":"parse"},{"filename":"<frozen importlib._bootstrap_external>","lineno":999,"name":"exec_module"},{"filename":"<frozen importlib._bootstrap>","lineno":488,"name":"_call_with_frames_removed"},{"filename":"/opt/airflow/dags/openweather_collector.py","lineno":44,"name":"<module>"},{"filename":"/home/airflow/.local/lib/python3.12/site-packages/airflow/sdk/definitions/dag.py","lineno":1421,"name":"factory"},{"filename":"/opt/airflow/dags/openweather_collector.py","lineno":40,"name":"open_weather"},{"filename":"/home/airflow/.local/lib/python3.12/site-packages/airflow/sdk/bases/decorator.py","lineno":363,"name":"__call__"},{"filename":"/home/airflow/.local/lib/python3.12/site-packages/airflow/sdk/bases/operator.py","lineno":502,"name":"apply_defaults"},{"filename":"/home/airflow/.local/lib/python3.12/site-packages/airflow/providers/standard/decorators/python.py","lineno":58,"name":"__init__"},{"filename":"/home/airflow/.local/lib/python3.12/site-packages/airflow/sdk/bases/operator.py","lineno":502,"name":"apply_defaults"},{"filename":"/home/airflow/.local/lib/python3.12/site-packages/airflow/sdk/bases/decorator.py","lineno":239,"name":"__init__"},{"filename":"/usr/local/lib/python3.12/inspect.py","lineno":3280,"name":"bind"},{"filename":"/usr/local/lib/python3.12/inspect.py","lineno":3193,"name":"_bind"}],"is_group":false,"exceptions":[]}]}
{"timestamp":"2025-09-24T19:02:40.277938","level":"info","event":"Filling up the DagBag from /opt/airflow/dags/openweather_collector.py","logger":"airflow.models.dagbag.DagBag"}
{"timestamp":"2025-09-24T19:03:12.048987","level":"info","event":"Filling up the DagBag from /opt/airflow/dags/openweather_collector.py","logger":"airflow.models.dagbag.DagBag"}
{"timestamp":"2025-09-24T19:03:42.870201","level":"info","event":"Filling up the DagBag from /opt/airflow/dags/openweather_collector.py","logger":"airflow.models.dagbag.DagBag"}
{"timestamp":"2025-09-24T19:04:13.794078","level":"info","event":"Filling up the DagBag from /opt/airflow/dags/openweather_collector.py","logger":"airflow.models.dagbag.DagBag"}
{"timestamp":"2025-09-24T19:04:44.627597","level":"info","event":"Filling up the DagBag from /opt/airflow/dags/openweather_collector.py","logger":"airflow.models.dagbag.DagBag"}
{"timestamp":"2025-09-24T19:05:14.950700","level":"info","event":"Filling up the DagBag from /opt/airflow/dags/openweather_collector.py","logger":"airflow.models.dagbag.DagBag"}
{"timestamp":"2025-09-24T19:05:45.870495","level":"info","event":"Filling up the DagBag from /opt/airflow/dags/openweather_collector.py","logger":"airflow.models.dagbag.DagBag"}
{"timestamp":"2025-09-24T19:06:16.623086","level":"info","event":"Filling up the DagBag from /opt/airflow/dags/openweather_collector.py","logger":"airflow.models.dagbag.DagBag"}
{"timestamp":"2025-09-24T19:06:47.497306","level":"info","event":"Filling up the DagBag from /opt/airflow/dags/openweather_collector.py","logger":"airflow.models.dagbag.DagBag"}
{"timestamp":"2025-09-24T19:07:18.388094","level":"info","event":"Filling up the DagBag from /opt/airflow/dags/openweather_collector.py","logger":"airflow.models.dagbag.DagBag"}
{"timestamp":"2025-09-24T19:07:49.232858","level":"info","event":"Filling up the DagBag from /opt/airflow/dags/openweather_collector.py","logger":"airflow.models.dagbag.DagBag"}
{"timestamp":"2025-09-24T19:08:20.147706","level":"info","event":"Filling up the DagBag from /opt/airflow/dags/openweather_collector.py","logger":"airflow.models.dagbag.DagBag"}
{"timestamp":"2025-09-24T19:08:51.131589","level":"info","event":"Filling up the DagBag from /opt/airflow/dags/openweather_collector.py","logger":"airflow.models.dagbag.DagBag"}
{"timestamp":"2025-09-24T19:09:22.050015","level":"info","event":"Filling up the DagBag from /opt/airflow/dags/openweather_collector.py","logger":"airflow.models.dagbag.DagBag"}
{"timestamp":"2025-09-24T19:09:52.927103","level":"info","event":"Filling up the DagBag from /opt/airflow/dags/openweather_collector.py","logger":"airflow.models.dagbag.DagBag"}
{"timestamp":"2025-09-24T19:10:23.967001","level":"info","event":"Filling up the DagBag from /opt/airflow/dags/openweather_collector.py","logger":"airflow.models.dagbag.DagBag"}
{"timestamp":"2025-09-24T19:10:54.828606","level":"info","event":"Filling up the DagBag from /opt/airflow/dags/openweather_collector.py","logger":"airflow.models.dagbag.DagBag"}
{"timestamp":"2025-09-24T19:11:25.089330","level":"info","event":"Filling up the DagBag from /opt/airflow/dags/openweather_collector.py","logger":"airflow.models.dagbag.DagBag"}
{"timestamp":"2025-09-24T19:11:55.841707","level":"info","event":"Filling up the DagBag from /opt/airflow/dags/openweather_collector.py","logger":"airflow.models.dagbag.DagBag"}
{"timestamp":"2025-09-24T19:12:26.763716","level":"info","event":"Filling up the DagBag from /opt/airflow/dags/openweather_collector.py","logger":"airflow.models.dagbag.DagBag"}
{"timestamp":"2025-09-24T19:12:57.593578","level":"info","event":"Filling up the DagBag from /opt/airflow/dags/openweather_collector.py","logger":"airflow.models.dagbag.DagBag"}
{"timestamp":"2025-09-24T19:13:28.030723","level":"info","event":"Filling up the DagBag from /opt/airflow/dags/openweather_collector.py","logger":"airflow.models.dagbag.DagBag"}
{"timestamp":"2025-09-24T19:13:58.941858","level":"info","event":"Filling up the DagBag from /opt/airflow/dags/openweather_collector.py","logger":"airflow.models.dagbag.DagBag"}
{"timestamp":"2025-09-24T19:14:30.067853","level":"info","event":"Filling up the DagBag from /opt/airflow/dags/openweather_collector.py","logger":"airflow.models.dagbag.DagBag"}
{"timestamp":"2025-09-24T19:15:01.085027","level":"info","event":"Filling up the DagBag from /opt/airflow/dags/openweather_collector.py","logger":"airflow.models.dagbag.DagBag"}
{"timestamp":"2025-09-24T19:15:31.926669","level":"info","event":"Filling up the DagBag from /opt/airflow/dags/openweather_collector.py","logger":"airflow.models.dagbag.DagBag"}
{"timestamp":"2025-09-24T19:16:02.844381","level":"info","event":"Filling up the DagBag from /opt/airflow/dags/openweather_collector.py","logger":"airflow.models.dagbag.DagBag"}
{"timestamp":"2025-09-24T19:16:33.860643","level":"info","event":"Filling up the DagBag from /opt/airflow/dags/openweather_collector.py","logger":"airflow.models.dagbag.DagBag"}
{"timestamp":"2025-09-24T19:17:04.889252","level":"info","event":"Filling up the DagBag from /opt/airflow/dags/openweather_collector.py","logger":"airflow.models.dagbag.DagBag"}
{"timestamp":"2025-09-24T19:17:35.865618","level":"info","event":"Filling up the DagBag from /opt/airflow/dags/openweather_collector.py","logger":"airflow.models.dagbag.DagBag"}
{"timestamp":"2025-09-24T19:18:06.799497","level":"info","event":"Filling up the DagBag from /opt/airflow/dags/openweather_collector.py","logger":"airflow.models.dagbag.DagBag"}
{"timestamp":"2025-09-24T19:18:37.796116","level":"info","event":"Filling up the DagBag from /opt/airflow/dags/openweather_collector.py","logger":"airflow.models.dagbag.DagBag"}
{"timestamp":"2025-09-24T19:19:08.860210","level":"info","event":"Filling up the DagBag from /opt/airflow/dags/openweather_collector.py","logger":"airflow.models.dagbag.DagBag"}
{"timestamp":"2025-09-24T19:19:39.614387","level":"info","event":"Filling up the DagBag from /opt/airflow/dags/openweather_collector.py","logger":"airflow.models.dagbag.DagBag"}
{"timestamp":"2025-09-24T19:20:10.470278","level":"info","event":"Filling up the DagBag from /opt/airflow/dags/openweather_collector.py","logger":"airflow.models.dagbag.DagBag"}
{"timestamp":"2025-09-24T19:20:41.469433","level":"info","event":"Filling up the DagBag from /opt/airflow/dags/openweather_collector.py","logger":"airflow.models.dagbag.DagBag"}
{"timestamp":"2025-09-24T19:21:12.388075","level":"info","event":"Filling up the DagBag from /opt/airflow/dags/openweather_collector.py","logger":"airflow.models.dagbag.DagBag"}
{"timestamp":"2025-09-24T19:21:43.335414","level":"info","event":"Filling up the DagBag from /opt/airflow/dags/openweather_collector.py","logger":"airflow.models.dagbag.DagBag"}
{"timestamp":"2025-09-24T19:22:14.241870","level":"info","event":"Filling up the DagBag from /opt/airflow/dags/openweather_collector.py","logger":"airflow.models.dagbag.DagBag"}
{"timestamp":"2025-09-24T19:22:45.070238","level":"info","event":"Filling up the DagBag from /opt/airflow/dags/openweather_collector.py","logger":"airflow.models.dagbag.DagBag"}
{"timestamp":"2025-09-24T19:23:15.329930","level":"info","event":"Filling up the DagBag from /opt/airflow/dags/openweather_collector.py","logger":"airflow.models.dagbag.DagBag"}
{"timestamp":"2025-09-24T19:23:46.260323","level":"info","event":"Filling up the DagBag from /opt/airflow/dags/openweather_collector.py","logger":"airflow.models.dagbag.DagBag"}
{"timestamp":"2025-09-24T19:24:16.512541","level":"info","event":"Filling up the DagBag from /opt/airflow/dags/openweather_collector.py","logger":"airflow.models.dagbag.DagBag"}
{"timestamp":"2025-09-24T19:24:47.396398","level":"info","event":"Filling up the DagBag from /opt/airflow/dags/openweather_collector.py","logger":"airflow.models.dagbag.DagBag"}
{"timestamp":"2025-09-24T19:25:18.362121","level":"info","event":"Filling up the DagBag from /opt/airflow/dags/openweather_collector.py","logger":"airflow.models.dagbag.DagBag"}
{"timestamp":"2025-09-24T19:25:49.328314","level":"info","event":"Filling up the DagBag from /opt/airflow/dags/openweather_collector.py","logger":"airflow.models.dagbag.DagBag"}
{"timestamp":"2025-09-24T19:26:20.371029","level":"info","event":"Filling up the DagBag from /opt/airflow/dags/openweather_collector.py","logger":"airflow.models.dagbag.DagBag"}
{"timestamp":"2025-09-24T19:26:51.382544","level":"info","event":"Filling up the DagBag from /opt/airflow/dags/openweather_collector.py","logger":"airflow.models.dagbag.DagBag"}
{"timestamp":"2025-09-24T19:27:22.294952","level":"info","event":"Filling up the DagBag from /opt/airflow/dags/openweather_collector.py","logger":"airflow.models.dagbag.DagBag"}
{"timestamp":"2025-09-24T19:27:52.598120","level":"info","event":"Filling up the DagBag from /opt/airflow/dags/openweather_collector.py","logger":"airflow.models.dagbag.DagBag"}
{"timestamp":"2025-09-24T19:28:23.541174","level":"info","event":"Filling up the DagBag from /opt/airflow/dags/openweather_collector.py","logger":"airflow.models.dagbag.DagBag"}
{"timestamp":"2025-09-24T19:28:54.678097","level":"info","event":"Filling up the DagBag from /opt/airflow/dags/openweather_collector.py","logger":"airflow.models.dagbag.DagBag"}
{"timestamp":"2025-09-24T19:29:25.790501","level":"info","event":"Filling up the DagBag from /opt/airflow/dags/openweather_collector.py","logger":"airflow.models.dagbag.DagBag"}
{"timestamp":"2025-09-24T19:29:56.743502","level":"info","event":"Filling up the DagBag from /opt/airflow/dags/openweather_collector.py","logger":"airflow.models.dagbag.DagBag"}
{"timestamp":"2025-09-24T19:30:27.711505","level":"info","event":"Filling up the DagBag from /opt/airflow/dags/openweather_collector.py","logger":"airflow.models.dagbag.DagBag"}
{"timestamp":"2025-09-24T19:30:58.574232","level":"info","event":"Filling up the DagBag from /opt/airflow/dags/openweather_collector.py","logger":"airflow.models.dagbag.DagBag"}
{"timestamp":"2025-09-24T19:31:29.580373","level":"info","event":"Filling up the DagBag from /opt/airflow/dags/openweather_collector.py","logger":"airflow.models.dagbag.DagBag"}
{"timestamp":"2025-09-24T19:32:00.522676","level":"info","event":"Filling up the DagBag from /opt/airflow/dags/openweather_collector.py","logger":"airflow.models.dagbag.DagBag"}
{"timestamp":"2025-09-24T19:32:31.489542","level":"info","event":"Filling up the DagBag from /opt/airflow/dags/openweather_collector.py","logger":"airflow.models.dagbag.DagBag"}
{"timestamp":"2025-09-24T19:33:02.490501","level":"info","event":"Filling up the DagBag from /opt/airflow/dags/openweather_collector.py","logger":"airflow.models.dagbag.DagBag"}
{"timestamp":"2025-09-24T19:33:33.342152","level":"info","event":"Filling up the DagBag from /opt/airflow/dags/openweather_collector.py","logger":"airflow.models.dagbag.DagBag"}
{"timestamp":"2025-09-24T19:34:04.364786","level":"info","event":"Filling up the DagBag from /opt/airflow/dags/openweather_collector.py","logger":"airflow.models.dagbag.DagBag"}
{"timestamp":"2025-09-24T19:34:35.204389","level":"info","event":"Filling up the DagBag from /opt/airflow/dags/openweather_collector.py","logger":"airflow.models.dagbag.DagBag"}
{"timestamp":"2025-09-24T19:35:06.053920","level":"info","event":"Filling up the DagBag from /opt/airflow/dags/openweather_collector.py","logger":"airflow.models.dagbag.DagBag"}
{"timestamp":"2025-09-24T19:35:36.949268","level":"info","event":"Filling up the DagBag from /opt/airflow/dags/openweather_collector.py","logger":"airflow.models.dagbag.DagBag"}
{"timestamp":"2025-09-24T19:36:07.767211","level":"info","event":"Filling up the DagBag from /opt/airflow/dags/openweather_collector.py","logger":"airflow.models.dagbag.DagBag"}
{"timestamp":"2025-09-24T19:36:38.573223","level":"info","event":"Filling up the DagBag from /opt/airflow/dags/openweather_collector.py","logger":"airflow.models.dagbag.DagBag"}
{"timestamp":"2025-09-24T19:37:10.059749","level":"info","event":"Filling up the DagBag from /opt/airflow/dags/openweather_collector.py","logger":"airflow.models.dagbag.DagBag"}
{"timestamp":"2025-09-24T19:37:41.054429","level":"info","event":"Filling up the DagBag from /opt/airflow/dags/openweather_collector.py","logger":"airflow.models.dagbag.DagBag"}
{"timestamp":"2025-09-24T19:38:11.981145","level":"info","event":"Filling up the DagBag from /opt/airflow/dags/openweather_collector.py","logger":"airflow.models.dagbag.DagBag"}
{"timestamp":"2025-09-24T19:38:42.926825","level":"info","event":"Filling up the DagBag from /opt/airflow/dags/openweather_collector.py","logger":"airflow.models.dagbag.DagBag"}
{"timestamp":"2025-09-24T19:39:13.929121","level":"info","event":"Filling up the DagBag from /opt/airflow/dags/openweather_collector.py","logger":"airflow.models.dagbag.DagBag"}
{"timestamp":"2025-09-24T19:39:44.753852","level":"info","event":"Filling up the DagBag from /opt/airflow/dags/openweather_collector.py","logger":"airflow.models.dagbag.DagBag"}
{"timestamp":"2025-09-24T19:40:15.790469","level":"info","event":"Filling up the DagBag from /opt/airflow/dags/openweather_collector.py","logger":"airflow.models.dagbag.DagBag"}
{"timestamp":"2025-09-24T19:40:46.741361","level":"info","event":"Filling up the DagBag from /opt/airflow/dags/openweather_collector.py","logger":"airflow.models.dagbag.DagBag"}
{"timestamp":"2025-09-24T19:41:17.721398","level":"info","event":"Filling up the DagBag from /opt/airflow/dags/openweather_collector.py","logger":"airflow.models.dagbag.DagBag"}
{"timestamp":"2025-09-24T19:41:48.722410","level":"info","event":"Filling up the DagBag from /opt/airflow/dags/openweather_collector.py","logger":"airflow.models.dagbag.DagBag"}
{"timestamp":"2025-09-24T19:42:18.955876","level":"info","event":"Filling up the DagBag from /opt/airflow/dags/openweather_collector.py","logger":"airflow.models.dagbag.DagBag"}
{"timestamp":"2025-09-24T19:42:49.755357","level":"info","event":"Filling up the DagBag from /opt/airflow/dags/openweather_collector.py","logger":"airflow.models.dagbag.DagBag"}
{"timestamp":"2025-09-24T19:43:20.594471","level":"info","event":"Filling up the DagBag from /opt/airflow/dags/openweather_collector.py","logger":"airflow.models.dagbag.DagBag"}
{"timestamp":"2025-09-24T19:43:51.490171","level":"info","event":"Filling up the DagBag from /opt/airflow/dags/openweather_collector.py","logger":"airflow.models.dagbag.DagBag"}
{"timestamp":"2025-09-24T19:44:22.459923","level":"info","event":"Filling up the DagBag from /opt/airflow/dags/openweather_collector.py","logger":"airflow.models.dagbag.DagBag"}
{"timestamp":"2025-09-24T19:44:53.439783","level":"info","event":"Filling up the DagBag from /opt/airflow/dags/openweather_collector.py","logger":"airflow.models.dagbag.DagBag"}
{"timestamp":"2025-09-24T19:45:24.287211","level":"info","event":"Filling up the DagBag from /opt/airflow/dags/openweather_collector.py","logger":"airflow.models.dagbag.DagBag"}
{"timestamp":"2025-09-24T19:45:55.229676","level":"info","event":"Filling up the DagBag from /opt/airflow/dags/openweather_collector.py","logger":"airflow.models.dagbag.DagBag"}
{"timestamp":"2025-09-24T19:46:26.139807","level":"info","event":"Filling up the DagBag from /opt/airflow/dags/openweather_collector.py","logger":"airflow.models.dagbag.DagBag"}
{"timestamp":"2025-09-24T19:46:57.158408","level":"info","event":"Filling up the DagBag from /opt/airflow/dags/openweather_collector.py","logger":"airflow.models.dagbag.DagBag"}
{"timestamp":"2025-09-24T19:47:27.985515","level":"info","event":"Filling up the DagBag from /opt/airflow/dags/openweather_collector.py","logger":"airflow.models.dagbag.DagBag"}
{"timestamp":"2025-09-24T19:47:58.907561","level":"info","event":"Filling up the DagBag from /opt/airflow/dags/openweather_collector.py","logger":"airflow.models.dagbag.DagBag"}
{"timestamp":"2025-09-24T19:48:29.762709","level":"info","event":"Filling up the DagBag from /opt/airflow/dags/openweather_collector.py","logger":"airflow.models.dagbag.DagBag"}
{"timestamp":"2025-09-24T19:49:00.023851","level":"info","event":"Filling up the DagBag from /opt/airflow/dags/openweather_collector.py","logger":"airflow.models.dagbag.DagBag"}
{"timestamp":"2025-09-24T19:49:30.947174","level":"info","event":"Filling up the DagBag from /opt/airflow/dags/openweather_collector.py","logger":"airflow.models.dagbag.DagBag"}
{"timestamp":"2025-09-24T19:50:01.828093","level":"info","event":"Filling up the DagBag from /opt/airflow/dags/openweather_collector.py","logger":"airflow.models.dagbag.DagBag"}
{"timestamp":"2025-09-24T19:50:32.677807","level":"info","event":"Filling up the DagBag from /opt/airflow/dags/openweather_collector.py","logger":"airflow.models.dagbag.DagBag"}
{"timestamp":"2025-09-24T19:51:03.591753","level":"info","event":"Filling up the DagBag from /opt/airflow/dags/openweather_collector.py","logger":"airflow.models.dagbag.DagBag"}
{"timestamp":"2025-09-24T19:51:34.524007","level":"info","event":"Filling up the DagBag from /opt/airflow/dags/openweather_collector.py","logger":"airflow.models.dagbag.DagBag"}
{"timestamp":"2025-09-24T19:52:05.553117","level":"info","event":"Filling up the DagBag from /opt/airflow/dags/openweather_collector.py","logger":"airflow.models.dagbag.DagBag"}
{"timestamp":"2025-09-24T19:52:36.507852","level":"info","event":"Filling up the DagBag from /opt/airflow/dags/openweather_collector.py","logger":"airflow.models.dagbag.DagBag"}
{"timestamp":"2025-09-24T19:53:06.836893","level":"info","event":"Filling up the DagBag from /opt/airflow/dags/openweather_collector.py","logger":"airflow.models.dagbag.DagBag"}
{"timestamp":"2025-09-24T19:53:37.736357","level":"info","event":"Filling up the DagBag from /opt/airflow/dags/openweather_collector.py","logger":"airflow.models.dagbag.DagBag"}
{"timestamp":"2025-09-24T19:54:08.708314","level":"info","event":"Filling up the DagBag from /opt/airflow/dags/openweather_collector.py","logger":"airflow.models.dagbag.DagBag"}
{"timestamp":"2025-09-24T19:54:39.060523","level":"info","event":"Filling up the DagBag from /opt/airflow/dags/openweather_collector.py","logger":"airflow.models.dagbag.DagBag"}
{"timestamp":"2025-09-24T19:55:09.922535","level":"info","event":"Filling up the DagBag from /opt/airflow/dags/openweather_collector.py","logger":"airflow.models.dagbag.DagBag"}
{"timestamp":"2025-09-24T19:55:40.925565","level":"info","event":"Filling up the DagBag from /opt/airflow/dags/openweather_collector.py","logger":"airflow.models.dagbag.DagBag"}
{"timestamp":"2025-09-24T19:56:11.841198","level":"info","event":"Filling up the DagBag from /opt/airflow/dags/openweather_collector.py","logger":"airflow.models.dagbag.DagBag"}
{"timestamp":"2025-09-24T19:56:42.760857","level":"info","event":"Filling up the DagBag from /opt/airflow/dags/openweather_collector.py","logger":"airflow.models.dagbag.DagBag"}
{"timestamp":"2025-09-24T19:57:13.766877","level":"info","event":"Filling up the DagBag from /opt/airflow/dags/openweather_collector.py","logger":"airflow.models.dagbag.DagBag"}
{"timestamp":"2025-09-24T19:57:44.251982","level":"info","event":"Filling up the DagBag from /opt/airflow/dags/openweather_collector.py","logger":"airflow.models.dagbag.DagBag"}
{"timestamp":"2025-09-24T19:58:14.422690","level":"info","event":"Filling up the DagBag from /opt/airflow/dags/openweather_collector.py","logger":"airflow.models.dagbag.DagBag"}
{"timestamp":"2025-09-24T19:58:45.269109","level":"info","event":"Filling up the DagBag from /opt/airflow/dags/openweather_collector.py","logger":"airflow.models.dagbag.DagBag"}
{"timestamp":"2025-09-24T19:59:16.165660","level":"info","event":"Filling up the DagBag from /opt/airflow/dags/openweather_collector.py","logger":"airflow.models.dagbag.DagBag"}
{"timestamp":"2025-09-24T19:59:47.090644","level":"info","event":"Filling up the DagBag from /opt/airflow/dags/openweather_collector.py","logger":"airflow.models.dagbag.DagBag"}
{"timestamp":"2025-09-24T20:00:17.944140","level":"info","event":"Filling up the DagBag from /opt/airflow/dags/openweather_collector.py","logger":"airflow.models.dagbag.DagBag"}
{"timestamp":"2025-09-24T20:00:48.958116","level":"info","event":"Filling up the DagBag from /opt/airflow/dags/openweather_collector.py","logger":"airflow.models.dagbag.DagBag"}
{"timestamp":"2025-09-24T20:01:19.907320","level":"info","event":"Filling up the DagBag from /opt/airflow/dags/openweather_collector.py","logger":"airflow.models.dagbag.DagBag"}
{"timestamp":"2025-09-24T20:01:50.850096","level":"info","event":"Filling up the DagBag from /opt/airflow/dags/openweather_collector.py","logger":"airflow.models.dagbag.DagBag"}
{"timestamp":"2025-09-24T20:02:21.825796","level":"info","event":"Filling up the DagBag from /opt/airflow/dags/openweather_collector.py","logger":"airflow.models.dagbag.DagBag"}
{"timestamp":"2025-09-24T20:02:52.577562","level":"info","event":"Filling up the DagBag from /opt/airflow/dags/openweather_collector.py","logger":"airflow.models.dagbag.DagBag"}
{"timestamp":"2025-09-24T20:03:22.927114","level":"info","event":"Filling up the DagBag from /opt/airflow/dags/openweather_collector.py","logger":"airflow.models.dagbag.DagBag"}
{"timestamp":"2025-09-24T20:03:53.861526","level":"info","event":"Filling up the DagBag from /opt/airflow/dags/openweather_collector.py","logger":"airflow.models.dagbag.DagBag"}
{"timestamp":"2025-09-24T20:04:24.764230","level":"info","event":"Filling up the DagBag from /opt/airflow/dags/openweather_collector.py","logger":"airflow.models.dagbag.DagBag"}
{"timestamp":"2025-09-24T20:04:55.694814","level":"info","event":"Filling up the DagBag from /opt/airflow/dags/openweather_collector.py","logger":"airflow.models.dagbag.DagBag"}
{"timestamp":"2025-09-24T20:05:26.588038","level":"info","event":"Filling up the DagBag from /opt/airflow/dags/openweather_collector.py","logger":"airflow.models.dagbag.DagBag"}
{"timestamp":"2025-09-24T20:05:57.764980","level":"info","event":"Filling up the DagBag from /opt/airflow/dags/openweather_collector.py","logger":"airflow.models.dagbag.DagBag"}
{"timestamp":"2025-09-24T20:06:28.150119","level":"info","event":"Filling up the DagBag from /opt/airflow/dags/openweather_collector.py","logger":"airflow.models.dagbag.DagBag"}
{"timestamp":"2025-09-24T20:06:59.087242","level":"info","event":"Filling up the DagBag from /opt/airflow/dags/openweather_collector.py","logger":"airflow.models.dagbag.DagBag"}
{"timestamp":"2025-09-24T20:07:30.018884","level":"info","event":"Filling up the DagBag from /opt/airflow/dags/openweather_collector.py","logger":"airflow.models.dagbag.DagBag"}
{"timestamp":"2025-09-24T20:08:00.980106","level":"info","event":"Filling up the DagBag from /opt/airflow/dags/openweather_collector.py","logger":"airflow.models.dagbag.DagBag"}
{"timestamp":"2025-09-24T20:08:31.780065","level":"info","event":"Filling up the DagBag from /opt/airflow/dags/openweather_collector.py","logger":"airflow.models.dagbag.DagBag"}
{"timestamp":"2025-09-24T20:09:01.977241","level":"info","event":"Filling up the DagBag from /opt/airflow/dags/openweather_collector.py","logger":"airflow.models.dagbag.DagBag"}
{"timestamp":"2025-09-24T20:09:32.164021","level":"info","event":"Filling up the DagBag from /opt/airflow/dags/openweather_collector.py","logger":"airflow.models.dagbag.DagBag"}
{"timestamp":"2025-09-24T20:10:03.251269","level":"info","event":"Filling up the DagBag from /opt/airflow/dags/openweather_collector.py","logger":"airflow.models.dagbag.DagBag"}
{"timestamp":"2025-09-24T20:10:34.219672","level":"info","event":"Filling up the DagBag from /opt/airflow/dags/openweather_collector.py","logger":"airflow.models.dagbag.DagBag"}
{"timestamp":"2025-09-24T20:11:04.587949","level":"info","event":"Filling up the DagBag from /opt/airflow/dags/openweather_collector.py","logger":"airflow.models.dagbag.DagBag"}
{"timestamp":"2025-09-24T20:11:35.520233","level":"info","event":"Filling up the DagBag from /opt/airflow/dags/openweather_collector.py","logger":"airflow.models.dagbag.DagBag"}
{"timestamp":"2025-09-24T20:12:06.490870","level":"info","event":"Filling up the DagBag from /opt/airflow/dags/openweather_collector.py","logger":"airflow.models.dagbag.DagBag"}
{"timestamp":"2025-09-24T20:12:37.412876","level":"info","event":"Filling up the DagBag from /opt/airflow/dags/openweather_collector.py","logger":"airflow.models.dagbag.DagBag"}
{"timestamp":"2025-09-24T20:13:07.635882","level":"info","event":"Filling up the DagBag from /opt/airflow/dags/openweather_collector.py","logger":"airflow.models.dagbag.DagBag"}
{"timestamp":"2025-09-24T20:13:37.829727","level":"info","event":"Filling up the DagBag from /opt/airflow/dags/openweather_collector.py","logger":"airflow.models.dagbag.DagBag"}
{"timestamp":"2025-09-24T20:14:08.786084","level":"info","event":"Filling up the DagBag from /opt/airflow/dags/openweather_collector.py","logger":"airflow.models.dagbag.DagBag"}
{"timestamp":"2025-09-24T20:14:39.112794","level":"info","event":"Filling up the DagBag from /opt/airflow/dags/openweather_collector.py","logger":"airflow.models.dagbag.DagBag"}
{"timestamp":"2025-09-24T20:15:09.960553","level":"info","event":"Filling up the DagBag from /opt/airflow/dags/openweather_collector.py","logger":"airflow.models.dagbag.DagBag"}
{"timestamp":"2025-09-24T20:15:40.880019","level":"info","event":"Filling up the DagBag from /opt/airflow/dags/openweather_collector.py","logger":"airflow.models.dagbag.DagBag"}
{"timestamp":"2025-09-24T20:16:11.829376","level":"info","event":"Filling up the DagBag from /opt/airflow/dags/openweather_collector.py","logger":"airflow.models.dagbag.DagBag"}
{"timestamp":"2025-09-24T20:16:42.839285","level":"info","event":"Filling up the DagBag from /opt/airflow/dags/openweather_collector.py","logger":"airflow.models.dagbag.DagBag"}
{"timestamp":"2025-09-24T20:17:13.910533","level":"info","event":"Filling up the DagBag from /opt/airflow/dags/openweather_collector.py","logger":"airflow.models.dagbag.DagBag"}
{"timestamp":"2025-09-24T20:17:44.877112","level":"info","event":"Filling up the DagBag from /opt/airflow/dags/openweather_collector.py","logger":"airflow.models.dagbag.DagBag"}
{"timestamp":"2025-09-24T20:18:15.284169","level":"info","event":"Filling up the DagBag from /opt/airflow/dags/openweather_collector.py","logger":"airflow.models.dagbag.DagBag"}
{"timestamp":"2025-09-24T20:18:45.907088","level":"info","event":"Filling up the DagBag from /opt/airflow/dags/openweather_collector.py","logger":"airflow.models.dagbag.DagBag"}
{"timestamp":"2025-09-24T20:19:16.587356","level":"info","event":"Filling up the DagBag from /opt/airflow/dags/openweather_collector.py","logger":"airflow.models.dagbag.DagBag"}
{"timestamp":"2025-09-24T20:19:47.190900","level":"info","event":"Filling up the DagBag from /opt/airflow/dags/openweather_collector.py","logger":"airflow.models.dagbag.DagBag"}
{"timestamp":"2025-09-24T20:20:17.815821","level":"info","event":"Filling up the DagBag from /opt/airflow/dags/openweather_collector.py","logger":"airflow.models.dagbag.DagBag"}
{"timestamp":"2025-09-24T20:20:48.532981","level":"info","event":"Filling up the DagBag from /opt/airflow/dags/openweather_collector.py","logger":"airflow.models.dagbag.DagBag"}
{"timestamp":"2025-09-24T20:21:19.170850","level":"info","event":"Filling up the DagBag from /opt/airflow/dags/openweather_collector.py","logger":"airflow.models.dagbag.DagBag"}
{"timestamp":"2025-09-24T20:21:49.842212","level":"info","event":"Filling up the DagBag from /opt/airflow/dags/openweather_collector.py","logger":"airflow.models.dagbag.DagBag"}
{"timestamp":"2025-09-24T20:22:20.468706","level":"info","event":"Filling up the DagBag from /opt/airflow/dags/openweather_collector.py","logger":"airflow.models.dagbag.DagBag"}
{"timestamp":"2025-09-24T20:22:51.231512","level":"info","event":"Filling up the DagBag from /opt/airflow/dags/openweather_collector.py","logger":"airflow.models.dagbag.DagBag"}
{"timestamp":"2025-09-24T20:23:22.000116","level":"info","event":"Filling up the DagBag from /opt/airflow/dags/openweather_collector.py","logger":"airflow.models.dagbag.DagBag"}
{"timestamp":"2025-09-24T20:23:53.088009","level":"info","event":"Filling up the DagBag from /opt/airflow/dags/openweather_collector.py","logger":"airflow.models.dagbag.DagBag"}
{"timestamp":"2025-09-24T20:24:18.880744","level":"info","event":"Filling up the DagBag from /opt/airflow/dags/openweather_collector.py","logger":"airflow.models.dagbag.DagBag"}
{"timestamp":"2025-09-24T20:24:49.516050","level":"info","event":"Filling up the DagBag from /opt/airflow/dags/openweather_collector.py","logger":"airflow.models.dagbag.DagBag"}
{"timestamp":"2025-09-24T20:25:20.051076","level":"info","event":"Filling up the DagBag from /opt/airflow/dags/openweather_collector.py","logger":"airflow.models.dagbag.DagBag"}
{"timestamp":"2025-09-24T20:25:50.595631","level":"info","event":"Filling up the DagBag from /opt/airflow/dags/openweather_collector.py","logger":"airflow.models.dagbag.DagBag"}
{"timestamp":"2025-09-24T20:26:21.273534","level":"info","event":"Filling up the DagBag from /opt/airflow/dags/openweather_collector.py","logger":"airflow.models.dagbag.DagBag"}
{"timestamp":"2025-09-24T20:26:52.066475","level":"info","event":"Filling up the DagBag from /opt/airflow/dags/openweather_collector.py","logger":"airflow.models.dagbag.DagBag"}
{"timestamp":"2025-09-24T20:27:22.615439","level":"info","event":"Filling up the DagBag from /opt/airflow/dags/openweather_collector.py","logger":"airflow.models.dagbag.DagBag"}
{"timestamp":"2025-09-24T20:27:53.293301","level":"info","event":"Filling up the DagBag from /opt/airflow/dags/openweather_collector.py","logger":"airflow.models.dagbag.DagBag"}
{"timestamp":"2025-09-24T20:28:23.959587","level":"info","event":"Filling up the DagBag from /opt/airflow/dags/openweather_collector.py","logger":"airflow.models.dagbag.DagBag"}
{"timestamp":"2025-09-24T20:28:54.572902","level":"info","event":"Filling up the DagBag from /opt/airflow/dags/openweather_collector.py","logger":"airflow.models.dagbag.DagBag"}
{"timestamp":"2025-09-24T20:29:25.112911","level":"info","event":"Filling up the DagBag from /opt/airflow/dags/openweather_collector.py","logger":"airflow.models.dagbag.DagBag"}
{"timestamp":"2025-09-24T20:29:55.684121","level":"info","event":"Filling up the DagBag from /opt/airflow/dags/openweather_collector.py","logger":"airflow.models.dagbag.DagBag"}
{"timestamp":"2025-09-24T20:30:26.273564","level":"info","event":"Filling up the DagBag from /opt/airflow/dags/openweather_collector.py","logger":"airflow.models.dagbag.DagBag"}
{"timestamp":"2025-09-24T20:30:26.363837","level":"error","event":"Failed to import: /opt/airflow/dags/openweather_collector.py","logger":"airflow.models.dagbag.DagBag","error_detail":[{"exc_type":"AttributeError","exc_value":"type object 'datetime.datetime' has no attribute 'timezone'","exc_notes":[],"syntax_error":null,"is_cause":false,"frames":[{"filename":"/home/airflow/.local/lib/python3.12/site-packages/airflow/models/dagbag.py","lineno":394,"name":"parse"},{"filename":"<frozen importlib._bootstrap_external>","lineno":999,"name":"exec_module"},{"filename":"<frozen importlib._bootstrap>","lineno":488,"name":"_call_with_frames_removed"},{"filename":"/opt/airflow/dags/openweather_collector.py","lineno":7,"name":"<module>"},{"filename":"/opt/airflow/dags/open_weather_tasks/tasks.py","lineno":61,"name":"<module>"}],"is_group":false,"exceptions":[]}]}
{"timestamp":"2025-09-24T20:30:56.906208","level":"info","event":"Filling up the DagBag from /opt/airflow/dags/openweather_collector.py","logger":"airflow.models.dagbag.DagBag"}
{"timestamp":"2025-09-24T20:30:56.950148","level":"error","event":"Failed to import: /opt/airflow/dags/openweather_collector.py","logger":"airflow.models.dagbag.DagBag","error_detail":[{"exc_type":"AttributeError","exc_value":"type object 'datetime.datetime' has no attribute 'timezone'","exc_notes":[],"syntax_error":null,"is_cause":false,"frames":[{"filename":"/home/airflow/.local/lib/python3.12/site-packages/airflow/models/dagbag.py","lineno":394,"name":"parse"},{"filename":"<frozen importlib._bootstrap_external>","lineno":999,"name":"exec_module"},{"filename":"<frozen importlib._bootstrap>","lineno":488,"name":"_call_with_frames_removed"},{"filename":"/opt/airflow/dags/openweather_collector.py","lineno":7,"name":"<module>"},{"filename":"/opt/airflow/dags/open_weather_tasks/tasks.py","lineno":61,"name":"<module>"}],"is_group":false,"exceptions":[]}]}
{"timestamp":"2025-09-24T20:31:27.510658","level":"info","event":"Filling up the DagBag from /opt/airflow/dags/openweather_collector.py","logger":"airflow.models.dagbag.DagBag"}
{"timestamp":"2025-09-24T20:31:27.571762","level":"error","event":"Failed to import: /opt/airflow/dags/openweather_collector.py","logger":"airflow.models.dagbag.DagBag","error_detail":[{"exc_type":"AttributeError","exc_value":"type object 'datetime.datetime' has no attribute 'timezone'","exc_notes":[],"syntax_error":null,"is_cause":false,"frames":[{"filename":"/home/airflow/.local/lib/python3.12/site-packages/airflow/models/dagbag.py","lineno":394,"name":"parse"},{"filename":"<frozen importlib._bootstrap_external>","lineno":999,"name":"exec_module"},{"filename":"<frozen importlib._bootstrap>","lineno":488,"name":"_call_with_frames_removed"},{"filename":"/opt/airflow/dags/openweather_collector.py","lineno":7,"name":"<module>"},{"filename":"/opt/airflow/dags/open_weather_tasks/tasks.py","lineno":61,"name":"<module>"}],"is_group":false,"exceptions":[]}]}
{"timestamp":"2025-09-24T20:31:58.117972","level":"info","event":"Filling up the DagBag from /opt/airflow/dags/openweather_collector.py","logger":"airflow.models.dagbag.DagBag"}
{"timestamp":"2025-09-24T20:31:58.179194","level":"error","event":"Failed to import: /opt/airflow/dags/openweather_collector.py","logger":"airflow.models.dagbag.DagBag","error_detail":[{"exc_type":"AttributeError","exc_value":"type object 'datetime.datetime' has no attribute 'timezone'","exc_notes":[],"syntax_error":null,"is_cause":false,"frames":[{"filename":"/home/airflow/.local/lib/python3.12/site-packages/airflow/models/dagbag.py","lineno":394,"name":"parse"},{"filename":"<frozen importlib._bootstrap_external>","lineno":999,"name":"exec_module"},{"filename":"<frozen importlib._bootstrap>","lineno":488,"name":"_call_with_frames_removed"},{"filename":"/opt/airflow/dags/openweather_collector.py","lineno":7,"name":"<module>"},{"filename":"/opt/airflow/dags/open_weather_tasks/tasks.py","lineno":62,"name":"<module>"}],"is_group":false,"exceptions":[]}]}
{"timestamp":"2025-09-24T20:32:28.635188","level":"info","event":"Filling up the DagBag from /opt/airflow/dags/openweather_collector.py","logger":"airflow.models.dagbag.DagBag"}
{"timestamp":"2025-09-24T20:32:28.723633Z","level":"info","event":"2025-09-24 20:32:28.723209+00:00","chan":"stdout","logger":"processor"}
{"timestamp":"2025-09-24T20:32:28.723669","level":"error","event":"Failed to import: /opt/airflow/dags/openweather_collector.py","logger":"airflow.models.dagbag.DagBag","error_detail":[{"exc_type":"ImportError","exc_value":"cannot import name '_get_open_weather' from 'open_weather_tasks.tasks' (/opt/airflow/dags/open_weather_tasks/tasks.py)","exc_notes":[],"syntax_error":null,"is_cause":false,"frames":[{"filename":"/home/airflow/.local/lib/python3.12/site-packages/airflow/models/dagbag.py","lineno":394,"name":"parse"},{"filename":"<frozen importlib._bootstrap_external>","lineno":999,"name":"exec_module"},{"filename":"<frozen importlib._bootstrap>","lineno":488,"name":"_call_with_frames_removed"},{"filename":"/opt/airflow/dags/openweather_collector.py","lineno":7,"name":"<module>"}],"is_group":false,"exceptions":[]}]}
{"timestamp":"2025-09-24T20:32:59.219503","level":"info","event":"Filling up the DagBag from /opt/airflow/dags/openweather_collector.py","logger":"airflow.models.dagbag.DagBag"}
{"timestamp":"2025-09-24T20:32:59.446954Z","level":"info","event":"20250924T2032","chan":"stdout","logger":"processor"}
{"timestamp":"2025-09-24T20:32:59.447642","level":"error","event":"Failed to import: /opt/airflow/dags/openweather_collector.py","logger":"airflow.models.dagbag.DagBag","error_detail":[{"exc_type":"ImportError","exc_value":"cannot import name '_get_open_weather' from 'open_weather_tasks.tasks' (/opt/airflow/dags/open_weather_tasks/tasks.py)","exc_notes":[],"syntax_error":null,"is_cause":false,"frames":[{"filename":"/home/airflow/.local/lib/python3.12/site-packages/airflow/models/dagbag.py","lineno":394,"name":"parse"},{"filename":"<frozen importlib._bootstrap_external>","lineno":999,"name":"exec_module"},{"filename":"<frozen importlib._bootstrap>","lineno":488,"name":"_call_with_frames_removed"},{"filename":"/opt/airflow/dags/openweather_collector.py","lineno":7,"name":"<module>"}],"is_group":false,"exceptions":[]}]}
{"timestamp":"2025-09-24T20:33:30.022881","level":"info","event":"Filling up the DagBag from /opt/airflow/dags/openweather_collector.py","logger":"airflow.models.dagbag.DagBag"}
{"timestamp":"2025-09-24T20:33:30.062479Z","level":"info","event":"20250924T2033","chan":"stdout","logger":"processor"}
{"timestamp":"2025-09-24T20:33:30.062542","level":"error","event":"Failed to import: /opt/airflow/dags/openweather_collector.py","logger":"airflow.models.dagbag.DagBag","error_detail":[{"exc_type":"ImportError","exc_value":"cannot import name '_get_open_weather' from 'open_weather_tasks.tasks' (/opt/airflow/dags/open_weather_tasks/tasks.py)","exc_notes":[],"syntax_error":null,"is_cause":false,"frames":[{"filename":"/home/airflow/.local/lib/python3.12/site-packages/airflow/models/dagbag.py","lineno":394,"name":"parse"},{"filename":"<frozen importlib._bootstrap_external>","lineno":999,"name":"exec_module"},{"filename":"<frozen importlib._bootstrap>","lineno":488,"name":"_call_with_frames_removed"},{"filename":"/opt/airflow/dags/openweather_collector.py","lineno":7,"name":"<module>"}],"is_group":false,"exceptions":[]}]}
{"timestamp":"2025-09-24T20:34:00.542478","level":"info","event":"Filling up the DagBag from /opt/airflow/dags/openweather_collector.py","logger":"airflow.models.dagbag.DagBag"}
{"timestamp":"2025-09-24T20:34:31.206492","level":"info","event":"Filling up the DagBag from /opt/airflow/dags/openweather_collector.py","logger":"airflow.models.dagbag.DagBag"}
{"timestamp":"2025-09-24T20:34:57.778584","level":"info","event":"Filling up the DagBag from /opt/airflow/dags/openweather_collector.py","logger":"airflow.models.dagbag.DagBag"}
{"timestamp":"2025-09-24T20:35:28.291198","level":"info","event":"Filling up the DagBag from /opt/airflow/dags/openweather_collector.py","logger":"airflow.models.dagbag.DagBag"}
{"timestamp":"2025-09-24T20:35:58.914687","level":"info","event":"Filling up the DagBag from /opt/airflow/dags/openweather_collector.py","logger":"airflow.models.dagbag.DagBag"}
{"timestamp":"2025-09-24T20:36:29.526914","level":"info","event":"Filling up the DagBag from /opt/airflow/dags/openweather_collector.py","logger":"airflow.models.dagbag.DagBag"}
{"timestamp":"2025-09-24T20:37:00.112622","level":"info","event":"Filling up the DagBag from /opt/airflow/dags/openweather_collector.py","logger":"airflow.models.dagbag.DagBag"}
{"timestamp":"2025-09-24T20:37:30.727709","level":"info","event":"Filling up the DagBag from /opt/airflow/dags/openweather_collector.py","logger":"airflow.models.dagbag.DagBag"}
{"timestamp":"2025-09-24T20:38:01.285744","level":"info","event":"Filling up the DagBag from /opt/airflow/dags/openweather_collector.py","logger":"airflow.models.dagbag.DagBag"}
{"timestamp":"2025-09-24T20:38:31.865008","level":"info","event":"Filling up the DagBag from /opt/airflow/dags/openweather_collector.py","logger":"airflow.models.dagbag.DagBag"}
{"timestamp":"2025-09-24T20:39:02.424752","level":"info","event":"Filling up the DagBag from /opt/airflow/dags/openweather_collector.py","logger":"airflow.models.dagbag.DagBag"}
{"timestamp":"2025-09-24T20:39:32.982056","level":"info","event":"Filling up the DagBag from /opt/airflow/dags/openweather_collector.py","logger":"airflow.models.dagbag.DagBag"}
{"timestamp":"2025-09-24T20:40:03.627122","level":"info","event":"Filling up the DagBag from /opt/airflow/dags/openweather_collector.py","logger":"airflow.models.dagbag.DagBag"}
{"timestamp":"2025-09-24T20:40:34.199430","level":"info","event":"Filling up the DagBag from /opt/airflow/dags/openweather_collector.py","logger":"airflow.models.dagbag.DagBag"}
{"timestamp":"2025-09-24T20:41:04.746693","level":"info","event":"Filling up the DagBag from /opt/airflow/dags/openweather_collector.py","logger":"airflow.models.dagbag.DagBag"}
{"timestamp":"2025-09-24T20:41:35.387526","level":"info","event":"Filling up the DagBag from /opt/airflow/dags/openweather_collector.py","logger":"airflow.models.dagbag.DagBag"}
{"timestamp":"2025-09-24T20:42:05.960391","level":"info","event":"Filling up the DagBag from /opt/airflow/dags/openweather_collector.py","logger":"airflow.models.dagbag.DagBag"}
{"timestamp":"2025-09-24T20:42:36.569736","level":"info","event":"Filling up the DagBag from /opt/airflow/dags/openweather_collector.py","logger":"airflow.models.dagbag.DagBag"}
{"timestamp":"2025-09-24T20:43:07.159974","level":"info","event":"Filling up the DagBag from /opt/airflow/dags/openweather_collector.py","logger":"airflow.models.dagbag.DagBag"}
{"timestamp":"2025-09-24T20:43:37.746171","level":"info","event":"Filling up the DagBag from /opt/airflow/dags/openweather_collector.py","logger":"airflow.models.dagbag.DagBag"}
{"timestamp":"2025-09-24T20:44:08.357793","level":"info","event":"Filling up the DagBag from /opt/airflow/dags/openweather_collector.py","logger":"airflow.models.dagbag.DagBag"}
{"timestamp":"2025-09-24T20:44:39.017294","level":"info","event":"Filling up the DagBag from /opt/airflow/dags/openweather_collector.py","logger":"airflow.models.dagbag.DagBag"}
{"timestamp":"2025-09-24T20:45:09.661265","level":"info","event":"Filling up the DagBag from /opt/airflow/dags/openweather_collector.py","logger":"airflow.models.dagbag.DagBag"}
{"timestamp":"2025-09-24T20:45:40.318838","level":"info","event":"Filling up the DagBag from /opt/airflow/dags/openweather_collector.py","logger":"airflow.models.dagbag.DagBag"}
{"timestamp":"2025-09-24T20:46:10.911928","level":"info","event":"Filling up the DagBag from /opt/airflow/dags/openweather_collector.py","logger":"airflow.models.dagbag.DagBag"}
{"timestamp":"2025-09-24T20:46:41.439769","level":"info","event":"Filling up the DagBag from /opt/airflow/dags/openweather_collector.py","logger":"airflow.models.dagbag.DagBag"}
{"timestamp":"2025-09-24T20:47:12.065528","level":"info","event":"Filling up the DagBag from /opt/airflow/dags/openweather_collector.py","logger":"airflow.models.dagbag.DagBag"}
{"timestamp":"2025-09-24T20:47:42.642350","level":"info","event":"Filling up the DagBag from /opt/airflow/dags/openweather_collector.py","logger":"airflow.models.dagbag.DagBag"}
{"timestamp":"2025-09-24T20:48:13.172590","level":"info","event":"Filling up the DagBag from /opt/airflow/dags/openweather_collector.py","logger":"airflow.models.dagbag.DagBag"}
{"timestamp":"2025-09-24T20:48:43.745111","level":"info","event":"Filling up the DagBag from /opt/airflow/dags/openweather_collector.py","logger":"airflow.models.dagbag.DagBag"}
{"timestamp":"2025-09-24T20:49:14.299402","level":"info","event":"Filling up the DagBag from /opt/airflow/dags/openweather_collector.py","logger":"airflow.models.dagbag.DagBag"}
{"timestamp":"2025-09-24T20:49:44.851784","level":"info","event":"Filling up the DagBag from /opt/airflow/dags/openweather_collector.py","logger":"airflow.models.dagbag.DagBag"}
{"timestamp":"2025-09-24T20:50:15.567675","level":"info","event":"Filling up the DagBag from /opt/airflow/dags/openweather_collector.py","logger":"airflow.models.dagbag.DagBag"}
{"timestamp":"2025-09-24T20:50:46.131318","level":"info","event":"Filling up the DagBag from /opt/airflow/dags/openweather_collector.py","logger":"airflow.models.dagbag.DagBag"}
{"timestamp":"2025-09-24T20:51:16.748048","level":"info","event":"Filling up the DagBag from /opt/airflow/dags/openweather_collector.py","logger":"airflow.models.dagbag.DagBag"}
{"timestamp":"2025-09-24T20:51:47.319534","level":"info","event":"Filling up the DagBag from /opt/airflow/dags/openweather_collector.py","logger":"airflow.models.dagbag.DagBag"}
{"timestamp":"2025-09-24T20:52:17.916759","level":"info","event":"Filling up the DagBag from /opt/airflow/dags/openweather_collector.py","logger":"airflow.models.dagbag.DagBag"}
{"timestamp":"2025-09-24T20:52:48.523437","level":"info","event":"Filling up the DagBag from /opt/airflow/dags/openweather_collector.py","logger":"airflow.models.dagbag.DagBag"}
{"timestamp":"2025-09-24T20:53:19.160239","level":"info","event":"Filling up the DagBag from /opt/airflow/dags/openweather_collector.py","logger":"airflow.models.dagbag.DagBag"}
{"timestamp":"2025-09-24T20:53:49.819251","level":"info","event":"Filling up the DagBag from /opt/airflow/dags/openweather_collector.py","logger":"airflow.models.dagbag.DagBag"}
{"timestamp":"2025-09-24T20:54:20.509916","level":"info","event":"Filling up the DagBag from /opt/airflow/dags/openweather_collector.py","logger":"airflow.models.dagbag.DagBag"}
{"timestamp":"2025-09-24T20:54:51.255374","level":"info","event":"Filling up the DagBag from /opt/airflow/dags/openweather_collector.py","logger":"airflow.models.dagbag.DagBag"}
